
> sabc@0.1.0 dev
> next dev --turbopack

 ⚠ Port 3000 is in use by process 29666, using available port 3002 instead.
   ▲ Next.js 15.4.5 (Turbopack)
   - Local:        http://localhost:3002
   - Network:      http://192.0.0.2:3002
   - Environments: .env.local

 ✓ Starting...
 ✓ Ready in 916ms
 ○ Compiling /api/get-coxing-availability ...
 ✓ Compiled /api/get-coxing-availability in 2.8s
🔍 Fetching Coxing availability from Notion database...
🗄️ Retrieving database: 27380040-a8fa-80b8-8511-000b856f1d33
@notionhq/client warn: request fail {
  code: 'object_not_found',
  message: 'Could not find database with ID: 27380040-a8fa-80b8-8511-000b856f1d33. Make sure the relevant pages and databases are shared with your integration.',
  requestId: '98c97fc6-9801-458f-a790-d63838ab47b8'
}
❌ Error fetching Coxing availability from Notion: Error [APIResponseError]: Could not find database with ID: 27380040-a8fa-80b8-8511-000b856f1d33. Make sure the relevant pages and databases are shared with your integration.
    at async GET (src/app/api/get-coxing-availability/route.ts:36:34)
  34 |
  35 |     // First get the database to find data sources
> 36 |     const databaseResponse: any = await notion.request({
     |                                  ^
  37 |       method: 'get',
  38 |       path: `databases/${process.env.NOTION_COXING_DB_ID}`,
  39 |     }) {
  code: 'object_not_found',
  status: 404,
  headers: Headers {
    date: 'Sun, 21 Sep 2025 13:29:09 GMT',
    'content-type': 'application/json; charset=utf-8',
    'transfer-encoding': 'chunked',
    connection: 'keep-alive',
    'content-encoding': 'gzip',
    'cf-ray': '9829e8e52d816530-LHR',
    'cf-cache-status': 'DYNAMIC',
    etag: 'W/"10d-TMjWPfFikGPGDJW8X8oQIFtJj38"',
    'strict-transport-security': 'max-age=31536000; includeSubDomains; preload',
    vary: 'Accept-Encoding',
    'content-security-policy': "default-src 'none'",
    'referrer-policy': 'strict-origin-when-cross-origin',
    'x-content-type-options': 'nosniff',
    'x-dns-prefetch-control': 'off',
    'x-download-options': 'noopen',
    'x-frame-options': 'SAMEORIGIN',
    'x-notion-request-id': '98c97fc6-9801-458f-a790-d63838ab47b8',
    'x-permitted-cross-domain-policies': 'none',
    'x-xss-protection': '0',
    'set-cookie': '__cf_bm=SqD8Mt2Ln9llHSGUiXFv_qfsUpJoOfLsstCVg0K.VlE-1758461349-1.0.1.1-d9pcrfcDOtPXtzid9hlBMpcc6cwQBxNL4YRRcEGR_wGxg_Rxp9gc_Pm3KEeJw96X.ZBRgv2np3_d8V69r55OGM8lB3rtEE1B8eM.Qz2kaSY; path=/; expires=Sun, 21-Sep-25 13:59:09 GMT; domain=.notion.com; HttpOnly; Secure; SameSite=None, _cfuvid=9YFh5rd8kjQ7sQto0S9uaPp6syn0GLPhK3tFSqArJpQ-1758461349001-0.0.1.1-604800000; path=/; domain=.notion.com; HttpOnly; Secure; SameSite=None',
    server: 'cloudflare',
    'alt-svc': 'h3=":443"; ma=86400'
  },
  body: '{"object":"error","status":404,"code":"object_not_found","message":"Could not find database with ID: 27380040-a8fa-80b8-8511-000b856f1d33. Make sure the relevant pages and databases are shared with your integration.","request_id":"98c97fc6-9801-458f-a790-d63838ab47b8"}',
  additional_data: undefined,
  request_id: '98c97fc6-9801-458f-a790-d63838ab47b8'
}
❌ Error details: {
  message: 'Could not find database with ID: 27380040-a8fa-80b8-8511-000b856f1d33. Make sure the relevant pages and databases are shared with your integration.',
  stack: 'APIResponseError: Could not find database with ID: 27380040-a8fa-80b8-8511-000b856f1d33. Make sure the relevant pages and databases are shared with your integration.\n' +
    '    at buildRequestError (/Users/edwardanders/Documents/GitHub/sabc/.next/server/chunks/node_modules_d4291603._.js:12903:16)\n' +
    '    at Client.request (/Users/edwardanders/Documents/GitHub/sabc/.next/server/chunks/node_modules_d4291603._.js:13917:54)\n' +
    '    at process.processTicksAndRejections (node:internal/process/task_queues:105:5)\n' +
    '    at async GET (/Users/edwardanders/Documents/GitHub/sabc/.next/server/chunks/[root-of-the-server]__a3d92e77._.js:101:34)\n' +
    '    at async AppRouteRouteModule.do (/Users/edwardanders/Documents/GitHub/sabc/node_modules/next/dist/compiled/next-server/app-route-turbo.runtime.dev.js:5:38782)\n' +
    '    at async AppRouteRouteModule.handle (/Users/edwardanders/Documents/GitHub/sabc/node_modules/next/dist/compiled/next-server/app-route-turbo.runtime.dev.js:5:45984)\n' +
    '    at async responseGenerator (/Users/edwardanders/Documents/GitHub/sabc/.next/server/chunks/node_modules_d4291603._.js:14543:38)\n' +
    '    at async AppRouteRouteModule.handleResponse (/Users/edwardanders/Documents/GitHub/sabc/node_modules/next/dist/compiled/next-server/app-route-turbo.runtime.dev.js:1:183770)\n' +
    '    at async handleResponse (/Users/edwardanders/Documents/GitHub/sabc/.next/server/chunks/node_modules_d4291603._.js:14605:32)\n' +
    '    at async handler (/Users/edwardanders/Documents/GitHub/sabc/.next/server/chunks/node_modules_d4291603._.js:14657:13)\n' +
    '    at async doRender (/Users/edwardanders/Documents/GitHub/sabc/node_modules/next/dist/server/base-server.js:1587:34)\n' +
    '    at async DevServer.renderToResponseWithComponentsImpl (/Users/edwardanders/Documents/GitHub/sabc/node_modules/next/dist/server/base-server.js:1929:13)\n' +
    '    at async DevServer.renderPageComponent (/Users/edwardanders/Documents/GitHub/sabc/node_modules/next/dist/server/base-server.js:2395:24)\n' +
    '    at async DevServer.renderToResponseImpl (/Users/edwardanders/Documents/GitHub/sabc/node_modules/next/dist/server/base-server.js:2435:32)\n' +
    '    at async DevServer.pipeImpl (/Users/edwardanders/Documents/GitHub/sabc/node_modules/next/dist/server/base-server.js:1035:25)\n' +
    '    at async NextNodeServer.handleCatchallRenderRequest (/Users/edwardanders/Documents/GitHub/sabc/node_modules/next/dist/server/next-server.js:393:17)\n' +
    '    at async DevServer.handleRequestImpl (/Users/edwardanders/Documents/GitHub/sabc/node_modules/next/dist/server/base-server.js:925:17)\n' +
    '    at async /Users/edwardanders/Documents/GitHub/sabc/node_modules/next/dist/server/dev/next-dev-server.js:398:20\n' +
    '    at async Span.traceAsyncFn (/Users/edwardanders/Documents/GitHub/sabc/node_modules/next/dist/trace/trace.js:157:20)\n' +
    '    at async DevServer.handleRequest (/Users/edwardanders/Documents/GitHub/sabc/node_modules/next/dist/server/dev/next-dev-server.js:394:24)\n' +
    '    at async invokeRender (/Users/edwardanders/Documents/GitHub/sabc/node_modules/next/dist/server/lib/router-server.js:239:21)\n' +
    '    at async handleRequest (/Users/edwardanders/Documents/GitHub/sabc/node_modules/next/dist/server/lib/router-server.js:436:24)\n' +
    '    at async requestHandlerImpl (/Users/edwardanders/Documents/GitHub/sabc/node_modules/next/dist/server/lib/router-server.js:464:13)\n' +
    '    at async Server.requestListener (/Users/edwardanders/Documents/GitHub/sabc/node_modules/next/dist/server/lib/start-server.js:218:13)',
  notionToken: 'Present',
  databaseId: 'Present'
}
 GET /api/get-coxing-availability 500 in 3478ms
 ○ Compiling / ...
 ✓ Compiled / in 1144ms
 ⨯ [Error: ENOENT: no such file or directory, open '/Users/edwardanders/Documents/GitHub/sabc/.next/static/development/_buildManifest.js.tmp.64g5vpqk4pp'] {
  errno: -2,
  code: 'ENOENT',
  syscall: 'open',
  path: '/Users/edwardanders/Documents/GitHub/sabc/.next/static/development/_buildManifest.js.tmp.64g5vpqk4pp'
}
 ○ Compiling /_error ...
 ✓ Compiled /_error in 535ms
 ⨯ [Error: ENOENT: no such file or directory, open '/Users/edwardanders/Documents/GitHub/sabc/.next/static/development/_buildManifest.js.tmp.kex4ssgklbf'] {
  errno: -2,
  code: 'ENOENT',
  syscall: 'open',
  path: '/Users/edwardanders/Documents/GitHub/sabc/.next/static/development/_buildManifest.js.tmp.kex4ssgklbf'
}
[Error: ENOENT: no such file or directory, open '/Users/edwardanders/Documents/GitHub/sabc/.next/static/development/_buildManifest.js.tmp.64g5vpqk4pp'] {
  errno: -2,
  code: 'ENOENT',
  syscall: 'open',
  path: '/Users/edwardanders/Documents/GitHub/sabc/.next/static/development/_buildManifest.js.tmp.64g5vpqk4pp'
}
 ⨯ [Error: ENOENT: no such file or directory, open '/Users/edwardanders/Documents/GitHub/sabc/.next/static/development/_buildManifest.js.tmp.vxmjuls0l6t'] {
  errno: -2,
  code: 'ENOENT',
  syscall: 'open',
  path: '/Users/edwardanders/Documents/GitHub/sabc/.next/static/development/_buildManifest.js.tmp.vxmjuls0l6t'
}
[Error: ENOENT: no such file or directory, open '/Users/edwardanders/Documents/GitHub/sabc/.next/static/development/_buildManifest.js.tmp.0vn119n6nzog'] {
  errno: -2,
  code: 'ENOENT',
  syscall: 'open',
  path: '/Users/edwardanders/Documents/GitHub/sabc/.next/static/development/_buildManifest.js.tmp.0vn119n6nzog'
}
[?25h
